<?xml version="1.0" encoding="UTF-8"?>
<!-- Generated by org.testng.reporters.JUnitXMLReporter -->
<testsuite hostname="DESKTOP-I701UEL" ignored="0" name="GroupTest" tests="2" failures="0" timestamp="25 oct 2020 06:17:27 GMT" time="76.716" errors="0">
  <testcase name="TSOFT_Test_APK_Login" time="70.877" classname="com.tsoft.bot.saucelabs.android.Tests.DemoTsoftTest"/>
  <testcase name="TSOFT_Test_APK_Login" time="75.738" classname="com.tsoft.bot.saucelabs.android.Tests.DemoTsoftTest"/>
</testsuite> <!-- GroupTest -->
