<?xml version="1.0" encoding="UTF-8"?>
<!-- Generated by org.testng.reporters.JUnitXMLReporter -->
<testsuite hostname="DESKTOP-RM7G8MO" ignored="0" name="GroupTest" tests="2" failures="2" timestamp="25 oct 2020 22:19:16 GMT" time="43.217" errors="0">
  <testcase name="TSOFT_Test_APK_Login" time="40.849" classname="com.tsoft.bot.saucelabs.android.Tests.DemoTsoftTest">
    <failure type="java.lang.NullPointerException">
      <![CDATA[java.lang.NullPointerException
	at com.tsoft.bot.saucelabs.android.Tests.DemoTsoftTest.TSOFT_Test_APK_Login(DemoTsoftTest.java:41)
	at java.util.concurrent.FutureTask.run(FutureTask.java:266)
	at java.util.concurrent.Executors$RunnableAdapter.call(Executors.java:511)
	at java.util.concurrent.FutureTask.run(FutureTask.java:266)
	at java.util.concurrent.ThreadPoolExecutor.runWorker(ThreadPoolExecutor.java:1149)
	at java.util.concurrent.ThreadPoolExecutor$Worker.run(ThreadPoolExecutor.java:624)
	at java.lang.Thread.run(Thread.java:748)
... Removed 9 stack frames]]>
    </failure>
  </testcase> <!-- TSOFT_Test_APK_Login -->
  <testcase name="TSOFT_Test_APK_Login" time="41.166" classname="com.tsoft.bot.saucelabs.android.Tests.DemoTsoftTest">
    <failure type="java.lang.NullPointerException">
      <![CDATA[java.lang.NullPointerException
	at com.tsoft.bot.saucelabs.android.Tests.DemoTsoftTest.TSOFT_Test_APK_Login(DemoTsoftTest.java:41)
	at java.util.concurrent.FutureTask.run(FutureTask.java:266)
	at java.util.concurrent.Executors$RunnableAdapter.call(Executors.java:511)
	at java.util.concurrent.FutureTask.run(FutureTask.java:266)
	at java.util.concurrent.ThreadPoolExecutor.runWorker(ThreadPoolExecutor.java:1149)
	at java.util.concurrent.ThreadPoolExecutor$Worker.run(ThreadPoolExecutor.java:624)
	at java.lang.Thread.run(Thread.java:748)
... Removed 9 stack frames]]>
    </failure>
  </testcase> <!-- TSOFT_Test_APK_Login -->
</testsuite> <!-- GroupTest -->
