<?xml version="1.0" encoding="UTF-8"?>
<testng-results skipped="0" failed="2" ignored="0" total="2" passed="0">
  <reporter-output>
  </reporter-output>
  <suite name="Regression" duration-ms="43217" started-at="2020-10-25T22:18:33Z" finished-at="2020-10-25T22:19:16Z">
    <groups>
    </groups>
    <test name="GroupTest" duration-ms="43217" started-at="2020-10-25T22:18:33Z" finished-at="2020-10-25T22:19:16Z">
      <class name="com.tsoft.bot.saucelabs.android.Tests.DemoTsoftTest">
        <test-method status="FAIL" signature="TSOFT_Test_APK_Login(java.lang.String, java.lang.String, java.lang.String, java.lang.String, java.lang.String, java.lang.reflect.Method)[pri:0, instance:com.tsoft.bot.saucelabs.android.Tests.DemoTsoftTest@6500df86]" name="TSOFT_Test_APK_Login" duration-ms="40849" started-at="2020-10-25T16:18:33Z" data-provider="hardCodedBrowsers" finished-at="2020-10-25T16:19:14Z">
          <params>
            <param index="0">
              <value>
                <![CDATA[Android]]>
              </value>
            </param>
            <param index="1">
              <value>
                <![CDATA[Samsung Galaxy S9 Plus FHD GoogleAPI Emulator]]>
              </value>
            </param>
            <param index="2">
              <value>
                <![CDATA[8.1]]>
              </value>
            </param>
            <param index="3">
              <value>
                <![CDATA[1.9.1]]>
              </value>
            </param>
            <param index="4">
              <value>
                <![CDATA[portrait]]>
              </value>
            </param>
            <param index="5">
              <value>
                <![CDATA[public void com.tsoft.bot.saucelabs.android.Tests.DemoTsoftTest.TSOFT_Test_APK_Login(java.lang.String,java.lang.String,java.lang.String,java.lang.String,java.lang.String,java.lang.reflect.Method) throws java.net.MalformedURLException,org.openqa.selenium.InvalidElementStateException,java.rmi.UnexpectedException,java.lang.InterruptedException]]>
              </value>
            </param>
          </params>
          <exception class="java.lang.NullPointerException">
            <full-stacktrace>
              <![CDATA[java.lang.NullPointerException
	at com.tsoft.bot.saucelabs.android.Tests.DemoTsoftTest.TSOFT_Test_APK_Login(DemoTsoftTest.java:41)
	at sun.reflect.NativeMethodAccessorImpl.invoke0(Native Method)
	at sun.reflect.NativeMethodAccessorImpl.invoke(NativeMethodAccessorImpl.java:62)
	at sun.reflect.DelegatingMethodAccessorImpl.invoke(DelegatingMethodAccessorImpl.java:43)
	at java.lang.reflect.Method.invoke(Method.java:498)
	at org.testng.internal.MethodInvocationHelper.invokeMethod(MethodInvocationHelper.java:104)
	at org.testng.internal.Invoker.invokeMethod(Invoker.java:645)
	at org.testng.internal.Invoker.invokeTestMethod(Invoker.java:851)
	at org.testng.internal.TestMethodWithDataProviderMethodWorker.call(TestMethodWithDataProviderMethodWorker.java:75)
	at org.testng.internal.TestMethodWithDataProviderMethodWorker.call(TestMethodWithDataProviderMethodWorker.java:14)
	at java.util.concurrent.FutureTask.run(FutureTask.java:266)
	at java.util.concurrent.Executors$RunnableAdapter.call(Executors.java:511)
	at java.util.concurrent.FutureTask.run(FutureTask.java:266)
	at java.util.concurrent.ThreadPoolExecutor.runWorker(ThreadPoolExecutor.java:1149)
	at java.util.concurrent.ThreadPoolExecutor$Worker.run(ThreadPoolExecutor.java:624)
	at java.lang.Thread.run(Thread.java:748)
]]>
            </full-stacktrace>
          </exception> <!-- java.lang.NullPointerException -->
          <reporter-output>
          </reporter-output>
        </test-method> <!-- TSOFT_Test_APK_Login -->
        <test-method status="FAIL" signature="TSOFT_Test_APK_Login(java.lang.String, java.lang.String, java.lang.String, java.lang.String, java.lang.String, java.lang.reflect.Method)[pri:0, instance:com.tsoft.bot.saucelabs.android.Tests.DemoTsoftTest@6500df86]" name="TSOFT_Test_APK_Login" duration-ms="41166" started-at="2020-10-25T16:18:33Z" data-provider="hardCodedBrowsers" finished-at="2020-10-25T16:19:14Z">
          <params>
            <param index="0">
              <value>
                <![CDATA[Android]]>
              </value>
            </param>
            <param index="1">
              <value>
                <![CDATA[Samsung Galaxy Tab S3 GoogleAPI Emulator]]>
              </value>
            </param>
            <param index="2">
              <value>
                <![CDATA[8.1]]>
              </value>
            </param>
            <param index="3">
              <value>
                <![CDATA[1.9.1]]>
              </value>
            </param>
            <param index="4">
              <value>
                <![CDATA[portrait]]>
              </value>
            </param>
            <param index="5">
              <value>
                <![CDATA[public void com.tsoft.bot.saucelabs.android.Tests.DemoTsoftTest.TSOFT_Test_APK_Login(java.lang.String,java.lang.String,java.lang.String,java.lang.String,java.lang.String,java.lang.reflect.Method) throws java.net.MalformedURLException,org.openqa.selenium.InvalidElementStateException,java.rmi.UnexpectedException,java.lang.InterruptedException]]>
              </value>
            </param>
          </params>
          <exception class="java.lang.NullPointerException">
            <full-stacktrace>
              <![CDATA[java.lang.NullPointerException
	at com.tsoft.bot.saucelabs.android.Tests.DemoTsoftTest.TSOFT_Test_APK_Login(DemoTsoftTest.java:41)
	at sun.reflect.NativeMethodAccessorImpl.invoke0(Native Method)
	at sun.reflect.NativeMethodAccessorImpl.invoke(NativeMethodAccessorImpl.java:62)
	at sun.reflect.DelegatingMethodAccessorImpl.invoke(DelegatingMethodAccessorImpl.java:43)
	at java.lang.reflect.Method.invoke(Method.java:498)
	at org.testng.internal.MethodInvocationHelper.invokeMethod(MethodInvocationHelper.java:104)
	at org.testng.internal.Invoker.invokeMethod(Invoker.java:645)
	at org.testng.internal.Invoker.invokeTestMethod(Invoker.java:851)
	at org.testng.internal.TestMethodWithDataProviderMethodWorker.call(TestMethodWithDataProviderMethodWorker.java:75)
	at org.testng.internal.TestMethodWithDataProviderMethodWorker.call(TestMethodWithDataProviderMethodWorker.java:14)
	at java.util.concurrent.FutureTask.run(FutureTask.java:266)
	at java.util.concurrent.Executors$RunnableAdapter.call(Executors.java:511)
	at java.util.concurrent.FutureTask.run(FutureTask.java:266)
	at java.util.concurrent.ThreadPoolExecutor.runWorker(ThreadPoolExecutor.java:1149)
	at java.util.concurrent.ThreadPoolExecutor$Worker.run(ThreadPoolExecutor.java:624)
	at java.lang.Thread.run(Thread.java:748)
]]>
            </full-stacktrace>
          </exception> <!-- java.lang.NullPointerException -->
          <reporter-output>
          </reporter-output>
        </test-method> <!-- TSOFT_Test_APK_Login -->
        <test-method status="PASS" signature="tearDown()[pri:0, instance:com.tsoft.bot.saucelabs.android.Tests.DemoTsoftTest@6500df86]" name="tearDown" is-config="true" duration-ms="740" started-at="2020-10-25T16:19:14Z" finished-at="2020-10-25T16:19:15Z">
          <reporter-output>
          </reporter-output>
        </test-method> <!-- tearDown -->
        <test-method status="PASS" signature="tearDown()[pri:0, instance:com.tsoft.bot.saucelabs.android.Tests.DemoTsoftTest@6500df86]" name="tearDown" is-config="true" duration-ms="1270" started-at="2020-10-25T16:19:15Z" finished-at="2020-10-25T16:19:16Z">
          <reporter-output>
          </reporter-output>
        </test-method> <!-- tearDown -->
      </class> <!-- com.tsoft.bot.saucelabs.android.Tests.DemoTsoftTest -->
    </test> <!-- GroupTest -->
  </suite> <!-- Regression -->
</testng-results>
